<project name="junit ant stuff" default="main" basedir=".">

	<target name="main">
		<property name="src.tests" value="test" />
		<property name="reports.tests" value="testresults" />
		<property name="reports.tests.html" value="${reports.tests}/html"/>
		<junit printsummary="yes" haltonfailure="no">
			<classpath>
				<pathelement location="bin" />
				<fileset dir="lib">
					<include name="*.jar" />
				</fileset>
				
				<pathelement path="${java.class.path}" />

			</classpath>

			<formatter type="xml" />

			<batchtest fork="yes" todir="${reports.tests}">
				<fileset dir="${src.tests}">
					<!-- <exclude name="**/*Test*.java" />-->
					<include name="**/AllTests.java" />
				</fileset>
			</batchtest>
		</junit>
		
		<junitreport todir="${reports.tests.html}">
					<fileset dir="${reports.tests}">
						<include name="*.xml" />
					</fileset>
					<report format="frames" todir="${reports.tests.html}" />
				</junitreport>






	</target>

</project>